Arguments: 
  /usr/local/bin/node /usr/local/Cellar/yarn/1.22.19/libexec/bin/yarn.js install

PATH: 
  /Users/guigonzalez/Library/Python/3.8/bin:/Library/Frameworks/Python.framework/Versions/3.8/bin:/Library/Frameworks/Python.framework/Versions/2.7/bin:/usr/local/bin:/usr/bin:/bin:/usr/sbin:/sbin:CREDS="/Users/guigonzalez/Desktop/PMCAutomatismos/pilarminingco-c11e8da70b2f.json"

Yarn version: 
  1.22.19

Node version: 
  18.3.0

Platform: 
  darwin x64

Trace: 
  SyntaxError: /Users/guigonzalez/Downloads/barbershop-website-template-2022-05-28-16-09-44-utc/package.json: Unexpected string in JSON at position 87
      at JSON.parse (<anonymous>)
      at /usr/local/Cellar/yarn/1.22.19/libexec/lib/cli.js:1629:59
      at Generator.next (<anonymous>)
      at step (/usr/local/Cellar/yarn/1.22.19/libexec/lib/cli.js:310:30)
      at /usr/local/Cellar/yarn/1.22.19/libexec/lib/cli.js:321:13

npm manifest: 
  {
    "name": "barber",
    "version": "1.0.0",
    "main": "index.js",
    "license": "MIT"
    "dependencies": {
          "@googlemaps/js-api-loader": "^1.12.5",
          "@popperjs/core": "^2.10.2",
          "@types/svg4everybody": "^2.1.2",
          "aos": "^3.0.0-beta.6",
          "baguettebox.js": "^1.11.1",
          "bootstrap": "^5.1.3",
          "custom-select": "^1.1.15",
          "headroom.js": "^0.12.0",
          "pickmeup": "^3.2.1",
          "shufflejs": "^5.4.1",
          "svg4everybody": "^2.1.9",
          "sweetalert2": "^11.1.9",
          "swiper": "^7.2.0",
          "vanilla-lazyload": "^17.4.0"
  }
  }

yarn manifest: 
  No manifest

Lockfile: 
  No lockfile
